[2020-09-21 21:35:38.023] [exthost] [info] extension host started
[2020-09-21 21:35:38.077] [exthost] [info] ExtensionService#_doActivateExtension vscode.microsoft-authentication {"startup":false,"extensionId":{"value":"vscode.microsoft-authentication","_lower":"vscode.microsoft-authentication"},"activationEvent":"onAuthenticationRequest:microsoft"}
[2020-09-21 21:35:38.077] [exthost] [info] ExtensionService#loadCommonJSModule file:///var/lib/snapd/snap/code/44/usr/share/code/resources/app/extensions/microsoft-authentication/dist/extension.js
[2020-09-21 21:35:38.155] [exthost] [info] ExtensionService#_doActivateExtension vscode.github-authentication {"startup":false,"extensionId":{"value":"vscode.github-authentication","_lower":"vscode.github-authentication"},"activationEvent":"onAuthenticationRequest:github"}
[2020-09-21 21:35:38.155] [exthost] [info] ExtensionService#loadCommonJSModule file:///var/lib/snapd/snap/code/44/usr/share/code/resources/app/extensions/github-authentication/dist/extension.js
[2020-09-21 21:35:38.209] [exthost] [info] ExtensionService#_doActivateExtension vscode.typescript-language-features {"startup":false,"extensionId":{"value":"vscode.typescript-language-features","_lower":"vscode.typescript-language-features"},"activationEvent":"onLanguage:javascript"}
[2020-09-21 21:35:38.209] [exthost] [info] ExtensionService#loadCommonJSModule file:///var/lib/snapd/snap/code/44/usr/share/code/resources/app/extensions/typescript-language-features/dist/extension
[2020-09-21 21:35:38.271] [exthost] [info] ExtensionService#_doActivateExtension VisualStudioExptTeam.vscodeintellicode {"startup":false,"extensionId":{"value":"VisualStudioExptTeam.vscodeintellicode","_lower":"visualstudioexptteam.vscodeintellicode"},"activationEvent":"onLanguage:javascript"}
[2020-09-21 21:35:38.271] [exthost] [info] ExtensionService#loadCommonJSModule file:///root/.vscode/extensions/visualstudioexptteam.vscodeintellicode-1.2.10/dist/intellicode
[2020-09-21 21:35:38.493] [exthost] [info] ExtensionService#_doActivateExtension vscode.debug-auto-launch {"startup":true,"extensionId":{"value":"vscode.debug-auto-launch","_lower":"vscode.debug-auto-launch"},"activationEvent":"*"}
[2020-09-21 21:35:38.493] [exthost] [info] ExtensionService#loadCommonJSModule file:///var/lib/snapd/snap/code/44/usr/share/code/resources/app/extensions/debug-auto-launch/dist/extension
[2020-09-21 21:35:38.503] [exthost] [info] ExtensionService#_doActivateExtension vscode.emmet {"startup":true,"extensionId":{"value":"vscode.emmet","_lower":"vscode.emmet"},"activationEvent":"*"}
[2020-09-21 21:35:38.503] [exthost] [info] ExtensionService#loadCommonJSModule file:///var/lib/snapd/snap/code/44/usr/share/code/resources/app/extensions/emmet/dist/node/emmetNodeMain
[2020-09-21 21:35:38.617] [exthost] [info] ExtensionService#_doActivateExtension vscode.git {"startup":true,"extensionId":{"value":"vscode.github","_lower":"vscode.github"},"activationEvent":"*"}
[2020-09-21 21:35:38.618] [exthost] [info] ExtensionService#loadCommonJSModule file:///var/lib/snapd/snap/code/44/usr/share/code/resources/app/extensions/git/dist/main
[2020-09-21 21:35:38.854] [exthost] [info] ExtensionService#_doActivateExtension vscode.merge-conflict {"startup":true,"extensionId":{"value":"vscode.merge-conflict","_lower":"vscode.merge-conflict"},"activationEvent":"*"}
[2020-09-21 21:35:38.854] [exthost] [info] ExtensionService#loadCommonJSModule file:///var/lib/snapd/snap/code/44/usr/share/code/resources/app/extensions/merge-conflict/dist/mergeConflictMain
[2020-09-21 21:35:38.876] [exthost] [info] ExtensionService#_doActivateExtension vscode.search-result {"startup":true,"extensionId":{"value":"vscode.search-result","_lower":"vscode.search-result"},"activationEvent":"*"}
[2020-09-21 21:35:38.876] [exthost] [info] ExtensionService#loadCommonJSModule file:///var/lib/snapd/snap/code/44/usr/share/code/resources/app/extensions/search-result/dist/extension.js
[2020-09-21 21:35:39.005] [exthost] [info] ExtensionService#_doActivateExtension dbaeumer.vscode-eslint {"startup":true,"extensionId":{"value":"dbaeumer.vscode-eslint","_lower":"dbaeumer.vscode-eslint"},"activationEvent":"*"}
[2020-09-21 21:35:39.005] [exthost] [info] ExtensionService#loadCommonJSModule file:///root/.vscode/extensions/dbaeumer.vscode-eslint-2.1.8/client/out/extension
[2020-09-21 21:35:39.124] [exthost] [info] ExtensionService#_doActivateExtension EditorConfig.EditorConfig {"startup":true,"extensionId":{"value":"EditorConfig.EditorConfig","_lower":"editorconfig.editorconfig"},"activationEvent":"*"}
[2020-09-21 21:35:39.124] [exthost] [info] ExtensionService#loadCommonJSModule file:///root/.vscode/extensions/editorconfig.editorconfig-0.15.1/out/editorConfigMain.js
[2020-09-21 21:35:39.639] [exthost] [info] ExtensionService#_doActivateExtension HookyQR.beautify {"startup":true,"extensionId":{"value":"HookyQR.beautify","_lower":"hookyqr.beautify"},"activationEvent":"*"}
[2020-09-21 21:35:39.640] [exthost] [info] ExtensionService#loadCommonJSModule file:///root/.vscode/extensions/hookyqr.beautify-1.5.0/extension
[2020-09-21 21:35:39.961] [exthost] [info] ExtensionService#_doActivateExtension naumovs.color-highlight {"startup":true,"extensionId":{"value":"naumovs.color-highlight","_lower":"naumovs.color-highlight"},"activationEvent":"*"}
[2020-09-21 21:35:39.961] [exthost] [info] ExtensionService#loadCommonJSModule file:///root/.vscode/extensions/naumovs.color-highlight-2.3.0/dist/extension
[2020-09-21 21:35:40.004] [exthost] [info] ExtensionService#_doActivateExtension PKief.material-icon-theme {"startup":true,"extensionId":{"value":"PKief.material-icon-theme","_lower":"pkief.material-icon-theme"},"activationEvent":"*"}
[2020-09-21 21:35:40.004] [exthost] [info] ExtensionService#loadCommonJSModule file:///root/.vscode/extensions/pkief.material-icon-theme-4.3.0/dist/extension
[2020-09-21 21:35:40.076] [exthost] [info] ExtensionService#_doActivateExtension vscode.npm {"startup":true,"extensionId":{"value":"vscode.npm","_lower":"vscode.npm"},"activationEvent":"workspaceContains:package.json"}
[2020-09-21 21:35:40.076] [exthost] [info] ExtensionService#loadCommonJSModule file:///var/lib/snapd/snap/code/44/usr/share/code/resources/app/extensions/npm/dist/npmMain
[2020-09-21 21:35:40.083] [exthost] [info] ExtensionService#_doActivateExtension yzhang.markdown-all-in-one {"startup":true,"extensionId":{"value":"yzhang.markdown-all-in-one","_lower":"yzhang.markdown-all-in-one"},"activationEvent":"workspaceContains:README.md"}
[2020-09-21 21:35:40.083] [exthost] [info] ExtensionService#loadCommonJSModule file:///root/.vscode/extensions/yzhang.markdown-all-in-one-3.3.0/dist/extension
[2020-09-21 21:35:40.372] [exthost] [info] ExtensionService#_doActivateExtension vscode.github {"startup":true,"extensionId":{"value":"vscode.github","_lower":"vscode.github"},"activationEvent":"*"}
[2020-09-21 21:35:40.372] [exthost] [info] ExtensionService#loadCommonJSModule file:///var/lib/snapd/snap/code/44/usr/share/code/resources/app/extensions/github/dist/extension.js
[2020-09-21 21:35:40.541] [exthost] [info] eager extensions activated
