Looking for git in: git
Using git 2.28.0 from git
> git rev-parse --git-dir
Open repository: /home/luketfake/Documentos/Projects/share-info
> git status -z -u
> git symbolic-ref --short HEAD
> git rev-parse master
> git rev-parse --symbolic-full-name master@{u}
> git rev-list --left-right master...refs/remotes/origin/master
> git for-each-ref --sort -committerdate --format %(refname) %(objectname)
> git remote --verbose
Warning: Failed to watch ref '/home/luketfake/Documentos/Projects/share-info/.git/refs/remotes/origin/master', is most likely packed.
> git config --get commit.template
> git show --textconv :web/.eslintrc.json
> git ls-files --stage -- /home/luketfake/Documentos/Projects/share-info/web/.eslintrc.json
> git check-ignore -v -z --stdin
> git status -z -u
> git symbolic-ref --short HEAD
> git rev-parse master
> git rev-parse --symbolic-full-name master@{u}
> git rev-list --left-right master...refs/remotes/origin/master
> git for-each-ref --sort -committerdate --format %(refname) %(objectname)
> git remote --verbose
Warning: Failed to watch ref '/home/luketfake/Documentos/Projects/share-info/.git/refs/remotes/origin/master', is most likely packed.
> git config --get commit.template
