Initializing document watcher...
web/.eslintrc.json: {}
web/.eslintrc.json: {}
web/.eslintrc.json: {}
web/.eslintrc.json: {}
web/.eslintrc.json: {}
web/.eslintrc.json: {}
web/.eslintrc.json: {}
web/.eslintrc.json: Using EditorConfig core...
web/.eslintrc.json: {}
web/.eslintrc.json: Using EditorConfig core...
web/.eslintrc.json: Using EditorConfig core...
web/.eslintrc.json: {}
web/.eslintrc.json: Using EditorConfig core...
web/.eslintrc.json: Using EditorConfig core...
web/.eslintrc.json: {}
web/.eslintrc.json: {}
web/.eslintignore: {}
web/.eslintignore: {}
web/.eslintignore: Using EditorConfig core...
web/.eslintignore: Using EditorConfig core...
web/.eslintrc.json: {}
web/.eslintrc.json: Using EditorConfig core...
web/.eslintrc.json: {}
web/.eslintrc.json: {}
web/.gitignore: {}
web/.eslintrc.json: {}
web/prettier.config.js: {}
